0 info it worked if it ends with ok
1 verbose cli [ 'node', '/Users/taraspetryk/.node/bin/npm', 'run', 'populate' ]
2 info using npm@2.2.0
3 info using node@v0.10.35
4 verbose node symlink /usr/local/bin/node
5 verbose run-script [ 'prepopulate', 'populate', 'postpopulate' ]
6 info prepopulate humanresouces@1.0.0
7 info populate humanresouces@1.0.0
8 verbose unsafe-perm in lifecycle true
9 info humanresouces@1.0.0 Failed to exec populate script
10 verbose stack Error: humanresouces@1.0.0 populate: `node ./bin/populate_db`
10 verbose stack Exit status 8
10 verbose stack     at EventEmitter.<anonymous> (/Users/taraspetryk/.node/lib/node_modules/npm/lib/utils/lifecycle.js:212:16)
10 verbose stack     at EventEmitter.emit (events.js:98:17)
10 verbose stack     at ChildProcess.<anonymous> (/Users/taraspetryk/.node/lib/node_modules/npm/lib/utils/spawn.js:14:12)
10 verbose stack     at ChildProcess.emit (events.js:98:17)
10 verbose stack     at maybeClose (child_process.js:766:16)
10 verbose stack     at Process.ChildProcess._handle.onexit (child_process.js:833:5)
11 verbose pkgid humanresouces@1.0.0
12 verbose cwd /Users/taraspetryk/Projects/humanresouces
13 error Darwin 14.1.0
14 error argv "node" "/Users/taraspetryk/.node/bin/npm" "run" "populate"
15 error node v0.10.35
16 error npm  v2.2.0
17 error code ELIFECYCLE
18 error humanresouces@1.0.0 populate: `node ./bin/populate_db`
18 error Exit status 8
19 error Failed at the humanresouces@1.0.0 populate script 'node ./bin/populate_db'.
19 error This is most likely a problem with the humanresouces package,
19 error not with npm itself.
19 error Tell the author that this fails on your system:
19 error     node ./bin/populate_db
19 error You can get their info via:
19 error     npm owner ls humanresouces
19 error There is likely additional logging output above.
20 verbose exit [ 1, true ]
